C51 COMPILER V9.51   SONG                                                                  09/11/2021 20:02:00 PAGE 1   


C51 COMPILER V9.51, COMPILATION OF MODULE SONG
OBJECT MODULE PLACED IN .\output\song.obj
COMPILER INVOKED BY: D:\keil\C51\BIN\C51.EXE song.c BROWSE DEBUG OBJECTEXTEND TABS(2) OBJECT(.\output\song.obj)

line level    source

   1          /*     “Ù¿÷±‡¬ÎπÊ‘Ú£∫ 1£¨≥£πÊ“Ù¿÷ºÚ∆◊∑¢“Ù±‡¬Î£®≥…∂‘≥ˆœ÷£¨≤ªø…∑÷ø™£¨º¥÷–º‰≤ªƒ‹≤Â»Î∆‰À¸±‡¬Î∫Õøÿ÷∆◊÷£©   
   2                                         “Ù∏ﬂ£®1◊÷Ω⁄£©£¨Ω⁄≈ƒ ˝£®1◊÷Ω⁄£©£¨“Ù∏ﬂ£¨Ω⁄≈ƒ£¨.......        // “Ù∏ﬂ£∫ 00       
             -   £∫–›÷π∑˚
   3                                                                                                              0x11 °™ 0x17 £∫∂‘”¶µÕ
             -“Ù do°¢re°¢mi°¢fa°¢so°¢la°¢si
   4                                                                                                              0x21 °™ 0x27 £∫∂‘”¶÷–“Ù do°¢re°¢mi°¢fa°¢so°¢la°¢si
   5                                                                                                              0x31 °™ 0x37 £∫∂‘”¶∏ﬂ
             -“Ù do°¢re°¢mi°¢fa°¢so°¢la°¢si
   6                                                                                                       Ω⁄≈ƒ£∫ 1-255£®0x01-0xFF£©£∫ µ•Œª1/16≈ƒ
   7                                                                                                              ªÚ Æ¡˘Ω¯÷∆÷–£¨∏ﬂ4Œª±Ì æ’˚≈ƒ ˝£¨µÕ4Œª±Ì æ∑÷≈ƒ ˝
   8                                                                                                                  »Á£∫∑¢“Ù2≈ƒ£∫  0x20
   9                                                                                                                      ∑¢“Ù∞Î≈ƒ£∫ 0x08
  10                                                                                                                      ∑¢“Ù1≈ƒ∞Î£∫0x18
  11                                2£¨“Ù¿÷±‡¬Î÷–ø…“‘≤Â»Î“‘œ¬øÿ÷∆◊÷£¨”√”⁄…Ë∂®“Ù¿÷≤•∑≈≤Œ ˝µ»£®«∞6∏ˆ“≤ø…“‘Õ®π˝∫Ø ˝£¨”√≥Ã–Ú…Ë∂®∫Õ µœ÷£
             -©
  12                                              Use_null           £∫  ≤ª”√LED∫ÕLight
  13                                              Use_LED            £∫  ∆Ù”√LED
  14                                              Use_Light          £∫  ∆Ù”√Light
  15                                              Use_LEDandLight    £∫  ∆Ù”√LED∫ÕLight
  16                                              Set_beatsPM        £∫  …Ë÷√Ω⁄≈ƒ¬ £¨ ∫Û√Ê‘Ÿ∏˙ Ω⁄≈ƒ¬ £®1◊÷Ω⁄£©
  17                                              Set_tone           £∫  …Ë÷√“Ùµ˜£¨   ∫Û√Ê‘Ÿ∏˙ “Ùµ˜£®1◊÷Ω⁄£©£∫0xFA ªÚ 0xFB ªÚ 0xFC ªÚ 0xFD
             - ªÚ 0xFE ªÚ 0xFF ªÚ 0xF9
  18                                              Repeat_begin       £∫  …Ë÷√“Ù¿÷≤•∑≈÷ÿ∏¥ø™ º¥¶°£÷ÿ∏¥“ª¥Œ£®‘›≤ªƒ‹∂‡¥Œ£©£¨‘›≤ªƒ‹«∂Ã◊£®«∂Ã◊Œ
             -ﬁ–ßªÚø…ƒ‹µº÷¬≤ªø…‘§∆⁄Ω·π˚£©
  19                                              Repeat_end         £∫  …Ë÷√“Ù¿÷≤•∑≈÷ÿ∏¥Ω· ¯¥¶
  20          */
  21          code unsigned char song[]={         //°∂ª®∫£°∑
  22            0x21,0x04,
  23            0x23,0x08,
  24            0x23,0x04,
  25            0x23,0x20,
  26            0x23,0x08,
  27            0x22,0x08,
  28            0x21,0x08,
  29            0x22,0x08,
  30            0x22,0x08,
  31            0x23,0x08,
  32            0x23,0x10,
  33            0x00,0x10,
  34            
  35            0x21,0x04,
  36            0x23,0x08,
  37            0x23,0x04,
  38            0x23,0x10,
  39            0x24,0x08,
  40            0x23,0x08,
  41            0x25,0x12,
  42            0x21,0x04,
  43            0x21,0x20,
  44            0x00,0x10,
  45            
  46            0x21,0x04,
  47            0x24,0x08,
  48            0x24,0x04,
  49            0x24,0x20,
C51 COMPILER V9.51   SONG                                                                  09/11/2021 20:02:00 PAGE 2   

  50            0x24,0x08,
  51            0x23,0x08,
  52            0x21,0x08,
  53            0x15,0x08,
  54            0x15,0x08,
  55            0x23,0x08,
  56            0x23,0x10,
  57            0x00,0x10,
  58            
  59            0x21,0x04,
  60            0x23,0x08,
  61            0x22,0x04,
  62            0x22,0x10,
  63            0x21,0x04,
  64            0x23,0x08,
  65            0x22,0x04,
  66            0x22,0x10,
  67            0x21,0x04,
  68            0x23,0x08,
  69            0x22,0x04,
  70            0x22,0x20,
  71            0x00,0x10,       
  72          };


MODULE INFORMATION:   STATIC OVERLAYABLE
   CODE SIZE        =   ----    ----
   CONSTANT SIZE    =     94    ----
   XDATA SIZE       =   ----    ----
   PDATA SIZE       =   ----    ----
   DATA SIZE        =   ----    ----
   IDATA SIZE       =   ----    ----
   BIT SIZE         =   ----    ----
END OF MODULE INFORMATION.


C51 COMPILATION COMPLETE.  0 WARNING(S),  0 ERROR(S)
